Log file open, 12/19/18 00:49:47
LogWindows: Failed to load 'aqProf.dll' (GetLastError=126)
LogWindows: File 'aqProf.dll' does not exist
LogWindows: Failed to load 'VtuneApi.dll' (GetLastError=126)
LogWindows: File 'VtuneApi.dll' does not exist
LogWindows: Failed to load 'VtuneApi32e.dll' (GetLastError=126)
LogWindows: File 'VtuneApi32e.dll' does not exist
LogConsoleResponse: Display: Failed to find resolution value strings in scalability ini. Falling back to default.
LogInit: Display: Running engine for game: CabinInDaHoodz
LogPakFile: Registered encryption key '00000000000000000000000000000000': 0 pak files mounted, 0 remain pending
LogPlatformFile: Not using cached read wrapper
LogTaskGraph: Started task graph with 5 named threads and 23 total threads with 3 sets of task threads.
LogStats: Stats thread started at 0.334150
LogD3D11RHI: Loaded GFSDK_Aftermath_Lib.x64.dll
LogICUInternationalization: ICU TimeZone Detection - Raw Offset: +1:00, Platform Override: ''
LogPluginManager: Mounting plugin Paper2D
LogPluginManager: Mounting plugin AISupport
LogPluginManager: Mounting plugin LightPropagationVolume
LogPluginManager: Mounting plugin ActorLayerUtilities
LogPluginManager: Mounting plugin CLionSourceCodeAccess
LogPluginManager: Mounting plugin CodeLiteSourceCodeAccess
LogPluginManager: Mounting plugin GitSourceControl
LogPluginManager: Mounting plugin KDevelopSourceCodeAccess
LogPluginManager: Mounting plugin NullSourceCodeAccess
LogPluginManager: Mounting plugin PerforceSourceControl
LogPluginManager: Mounting plugin SubversionSourceControl
LogPluginManager: Mounting plugin UObjectPlugin
LogPluginManager: Mounting plugin VisualStudioCodeSourceCodeAccess
LogPluginManager: Mounting plugin VisualStudioSourceCodeAccess
LogPluginManager: Mounting plugin XCodeSourceCodeAccess
LogPluginManager: Mounting plugin AssetManagerEditor
LogPluginManager: Mounting plugin CryptoKeys
LogPluginManager: Mounting plugin DataValidation
LogPluginManager: Mounting plugin FacialAnimation
LogPluginManager: Mounting plugin GameplayTagsEditor
LogPluginManager: Mounting plugin MacGraphicsSwitching
LogPluginManager: Mounting plugin MeshEditor
LogPluginManager: Mounting plugin MobileLauncherProfileWizard
LogPluginManager: Mounting plugin PluginBrowser
LogPluginManager: Mounting plugin SpeedTreeImporter
LogPluginManager: Mounting plugin DatasmithContent
LogPluginManager: Mounting plugin VariantManagerContent
LogPluginManager: Mounting plugin AlembicImporter
LogPluginManager: Mounting plugin AppleImageUtils
LogPluginManager: Mounting plugin AppleVision
LogPluginManager: Mounting plugin BackChannel
LogPluginManager: Mounting plugin CharacterAI
LogPluginManager: Mounting plugin GeometryCache
LogPluginManager: Mounting plugin HTML5Networking
LogPluginManager: Mounting plugin ProxyLODPlugin
LogPluginManager: Mounting plugin MagicLeap
LogPluginManager: Mounting plugin MagicLeapMedia
LogPluginManager: Mounting plugin AndroidMedia
LogPluginManager: Mounting plugin AvfMedia
LogPluginManager: Mounting plugin ImgMedia
LogPluginManager: Mounting plugin LinearTimecode
LogPluginManager: Mounting plugin MediaCompositing
LogPluginManager: Mounting plugin MediaPlayerEditor
LogPluginManager: Mounting plugin WebMMedia
LogPluginManager: Mounting plugin WmfMedia
LogPluginManager: Mounting plugin TcpMessaging
LogPluginManager: Mounting plugin UdpMessaging
LogPluginManager: Mounting plugin ActorSequence
LogPluginManager: Mounting plugin LevelSequenceEditor
LogPluginManager: Mounting plugin MatineeToLevelSequence
LogPluginManager: Mounting plugin NetcodeUnitTest
LogPluginManager: Mounting plugin NUTUnrealEngine4
LogPluginManager: Mounting plugin OnlineSubsystemGooglePlay
LogPluginManager: Mounting plugin OnlineSubsystemIOS
LogPluginManager: Mounting plugin OnlineSubsystem
LogPluginManager: Mounting plugin OnlineSubsystemNull
LogPluginManager: Mounting plugin OnlineSubsystemUtils
LogPluginManager: Mounting plugin LauncherChunkInstaller
LogPluginManager: Mounting plugin AndroidDeviceProfileSelector
LogPluginManager: Mounting plugin AndroidMoviePlayer
LogPluginManager: Mounting plugin AndroidPermission
LogPluginManager: Mounting plugin AppleMoviePlayer
LogPluginManager: Mounting plugin ArchVisCharacter
LogPluginManager: Mounting plugin AudioCapture
LogPluginManager: Mounting plugin CableComponent
LogPluginManager: Mounting plugin CustomMeshComponent
LogPluginManager: Mounting plugin EditableMesh
LogPluginManager: Mounting plugin ExampleDeviceProfileSelector
LogPluginManager: Mounting plugin Firebase
LogPluginManager: Mounting plugin GoogleCloudMessaging
LogPluginManager: Mounting plugin IOSDeviceProfileSelector
LogPluginManager: Mounting plugin LinuxDeviceProfileSelector
LogPluginManager: Mounting plugin LocationServicesBPLibrary
LogPluginManager: Mounting plugin MobilePatchingUtils
LogPluginManager: Mounting plugin OculusVR
LogPluginManager: Mounting plugin PhysXVehicles
LogPluginManager: Mounting plugin ProceduralMeshComponent
LogPluginManager: Mounting plugin RuntimePhysXCooking
LogPluginManager: Mounting plugin SteamVR
LogPluginManager: Mounting plugin WebMMoviePlayer
LogPluginManager: Mounting plugin WindowsMoviePlayer
LogStreaming: Display: Took  0.136s to configure plugins.
LogInit: Using libcurl 7.55.1-DEV
LogInit:  - built for x86_64-pc-win32
LogInit:  - supports SSL with OpenSSL/1.0.2h
LogInit:  - supports HTTP deflate (compression) using libz 1.2.8
LogInit:  - other features:
LogInit:      CURL_VERSION_SSL
LogInit:      CURL_VERSION_LIBZ
LogInit:      CURL_VERSION_IPV6
LogInit:      CURL_VERSION_ASYNCHDNS
LogInit:      CURL_VERSION_LARGEFILE
LogInit:      CURL_VERSION_IDN
LogInit:  CurlRequestOptions (configurable via config and command line):
LogInit:  - bVerifyPeer = true  - Libcurl will verify peer certificate
LogInit:  - bUseHttpProxy = false  - Libcurl will NOT use HTTP proxy
LogInit:  - bDontReuseConnections = false  - Libcurl will reuse connections
LogInit:  - MaxHostConnections = 16  - Libcurl will limit the number of connections to a host
LogInit:  - LocalHostAddr = Default
LogInit:  - BufferSize = 65536
LogInit: WinSock: version 1.1 (2.2), MaxSocks=32767, MaxUdp=65467
LogInit: Build: ++UE4+Release-4.21-CL-4613538
LogInit: Engine Version: 4.21.1-4613538+++UE4+Release-4.21
LogInit: Compatible Engine Version: 4.21.0-4541578+++UE4+Release-4.21
LogInit: Net CL: 4541578
LogInit: OS: Windows 10 (), CPU: Intel(R) Core(TM) i7 CPU         920  @ 2.67GHz, GPU: NVIDIA GeForce GTX 980
LogInit: Compiled (64-bit): Nov 30 2018 04:13:25
LogInit: Compiled with Visual C++: 19.13.26129.00
LogInit: Build Configuration: Development
LogInit: Branch Name: ++UE4+Release-4.21
LogInit: Command Line: 
LogInit: Base Directory: D:/Epic Games/UE_4.21/Engine/Binaries/Win64/
LogInit: Installed Engine Build: 1
LogDevObjectVersion: Number of dev versions registered: 22
LogDevObjectVersion:   Dev-Blueprints (B0D832E4-1F89-4F0D-ACCF-7EB736FD4AA2): 10
LogDevObjectVersion:   Dev-Build (E1C64328-A22C-4D53-A36C-8E866417BD8C): 0
LogDevObjectVersion:   Dev-Core (375EC13C-06E4-48FB-B500-84F0262A717E): 2
LogDevObjectVersion:   Dev-Editor (E4B068ED-F494-42E9-A231-DA0B2E46BB41): 26
LogDevObjectVersion:   Dev-Framework (CFFC743F-43B0-4480-9391-14DF171D2073): 34
LogDevObjectVersion:   Dev-Mobile (B02B49B5-BB20-44E9-A304-32B752E40360): 2
LogDevObjectVersion:   Dev-Networking (A4E4105C-59A1-49B5-A7C5-40C4547EDFEE): 0
LogDevObjectVersion:   Dev-Online (39C831C9-5AE6-47DC-9A44-9C173E1C8E7C): 0
LogDevObjectVersion:   Dev-Physics (78F01B33-EBEA-4F98-B9B4-84EACCB95AA2): 0
LogDevObjectVersion:   Dev-Platform (6631380F-2D4D-43E0-8009-CF276956A95A): 0
LogDevObjectVersion:   Dev-Rendering (12F88B9F-8875-4AFC-A67C-D90C383ABD29): 27
LogDevObjectVersion:   Dev-Sequencer (7B5AE74C-D270-4C10-A958-57980B212A5A): 9
LogDevObjectVersion:   Dev-VR (D7296918-1DD6-4BDD-9DE2-64A83CC13884): 2
LogDevObjectVersion:   Dev-LoadTimes (C2A15278-BFE7-4AFE-6C17-90FF531DF755): 1
LogDevObjectVersion:   Private-Geometry (6EACA3D4-40EC-4CC1-B786-8BED09428FC5): 3
LogDevObjectVersion:   Dev-AnimPhys (29E575DD-E0A3-4627-9D10-D276232CDCEA): 17
LogDevObjectVersion:   Dev-Anim (AF43A65D-7FD3-4947-9873-3E8ED9C1BB05): 2
LogDevObjectVersion:   Dev-ReflectionCapture (6B266CEC-1EC7-4B8F-A30B-E4D90942FC07): 1
LogDevObjectVersion:   Dev-Automation (0DF73D61-A23F-47EA-B727-89E90C41499A): 1
LogDevObjectVersion:   FortniteMain (601D1886-AC64-4F84-AA16-D3DE0DEAC7D6): 17
LogDevObjectVersion:   Dev-Enterprise (9DFFBCD6-494F-0158-E221-12823C92A888): 4
LogDevObjectVersion:   Dev-Niagara (F2AED0AC-9AFE-416F-8664-AA7FFA26D6FC): 1
LogStreaming: Display: Took  0.001s to delete old logs.
LogInit: Presizing for max 8388607 objects, including 0 objects not considered by GC, pre-allocating 0 bytes for permanent pool.
LogInit: Object subsystem initialized
LogConfig: Setting CVar [[con.DebugEarlyDefault:1]]
LogConfig: Setting CVar [[r.setres:1280x720]]
[2018.12.18-23.49.47:555][  0]LogConfig: Setting CVar [[r.VSync:0]]
[2018.12.18-23.49.47:555][  0]LogConfig: Setting CVar [[r.RHICmdBypass:0]]
[2018.12.18-23.49.47:555][  0]LogConfig: Applying CVar settings from Section [/Script/Engine.RendererSettings] File [D:/Unreal Projects/CabinInDaHoodz/Saved/Config/Windows/Engine.ini]
[2018.12.18-23.49.47:555][  0]LogConfig: Setting CVar [[r.GPUCrashDebugging:0]]
[2018.12.18-23.49.47:555][  0]LogConfig: Setting CVar [[r.DefaultFeature.AmbientOcclusion:0]]
[2018.12.18-23.49.47:555][  0]LogConfig: Setting CVar [[r.DefaultFeature.AmbientOcclusionStaticFraction:0]]
[2018.12.18-23.49.47:555][  0]LogConfig: Setting CVar [[vr.InstancedStereo:1]]
[2018.12.18-23.49.47:555][  0]LogConfig: Setting CVar [[r.SeparateTranslucency:0]]
[2018.12.18-23.49.47:555][  0]LogConfig: Setting CVar [[r.HZBOcclusion:0]]
[2018.12.18-23.49.47:555][  0]LogConfig: Setting CVar [[r.SSR.MaxRoughness:0]]
[2018.12.18-23.49.47:555][  0]LogConfig: Setting CVar [[r.rhicmdbypass:0]]
[2018.12.18-23.49.47:555][  0]LogConfig: Applying CVar settings from Section [/Script/Engine.RendererOverrideSettings] File [D:/Unreal Projects/CabinInDaHoodz/Saved/Config/Windows/Engine.ini]
[2018.12.18-23.49.47:555][  0]LogConfig: Applying CVar settings from Section [/Script/Engine.StreamingSettings] File [D:/Unreal Projects/CabinInDaHoodz/Saved/Config/Windows/Engine.ini]
[2018.12.18-23.49.47:555][  0]LogConfig: Setting CVar [[s.MinBulkDataSizeForAsyncLoading:131072]]
[2018.12.18-23.49.47:555][  0]LogConfig: Setting CVar [[s.AsyncLoadingThreadEnabled:0]]
[2018.12.18-23.49.47:555][  0]LogConfig: Setting CVar [[s.EventDrivenLoaderEnabled:1]]
[2018.12.18-23.49.47:555][  0]LogConfig: Setting CVar [[s.WarnIfTimeLimitExceeded:0]]
[2018.12.18-23.49.47:555][  0]LogConfig: Setting CVar [[s.TimeLimitExceededMultiplier:1.5]]
[2018.12.18-23.49.47:555][  0]LogConfig: Setting CVar [[s.TimeLimitExceededMinTime:0.005]]
[2018.12.18-23.49.47:555][  0]LogConfig: Setting CVar [[s.UseBackgroundLevelStreaming:1]]
[2018.12.18-23.49.47:555][  0]LogConfig: Setting CVar [[s.PriorityAsyncLoadingExtraTime:15.0]]
[2018.12.18-23.49.47:555][  0]LogConfig: Setting CVar [[s.LevelStreamingActorsUpdateTimeLimit:5.0]]
[2018.12.18-23.49.47:555][  0]LogConfig: Setting CVar [[s.PriorityLevelStreamingActorsUpdateExtraTime:5.0]]
[2018.12.18-23.49.47:555][  0]LogConfig: Setting CVar [[s.LevelStreamingComponentsRegistrationGranularity:10]]
[2018.12.18-23.49.47:555][  0]LogConfig: Setting CVar [[s.UnregisterComponentsTimeLimit:1.0]]
[2018.12.18-23.49.47:555][  0]LogConfig: Setting CVar [[s.LevelStreamingComponentsUnregistrationGranularity:5]]
[2018.12.18-23.49.47:556][  0]LogConfig: Applying CVar settings from Section [/Script/Engine.GarbageCollectionSettings] File [D:/Unreal Projects/CabinInDaHoodz/Saved/Config/Windows/Engine.ini]
[2018.12.18-23.49.47:556][  0]LogConfig: Setting CVar [[gc.MaxObjectsNotConsideredByGC:1]]
[2018.12.18-23.49.47:556][  0]LogConfig: Setting CVar [[gc.SizeOfPermanentObjectPool:0]]
[2018.12.18-23.49.47:556][  0]LogConfig: Setting CVar [[gc.FlushStreamingOnGC:0]]
[2018.12.18-23.49.47:556][  0]LogConfig: Setting CVar [[gc.NumRetriesBeforeForcingGC:10]]
[2018.12.18-23.49.47:556][  0]LogConfig: Setting CVar [[gc.AllowParallelGC:1]]
[2018.12.18-23.49.47:556][  0]LogConfig: Setting CVar [[gc.TimeBetweenPurgingPendingKillObjects:61.1]]
[2018.12.18-23.49.47:556][  0]LogConfig: Setting CVar [[gc.MaxObjectsInEditor:8388607]]
[2018.12.18-23.49.47:556][  0]LogConfig: Setting CVar [[gc.IncrementalBeginDestroyEnabled:1]]
[2018.12.18-23.49.47:556][  0]LogConfig: Setting CVar [[gc.CreateGCClusters:1]]
[2018.12.18-23.49.47:556][  0]LogConfig: Setting CVar [[gc.MergeGCClusters:0]]
[2018.12.18-23.49.47:556][  0]LogConfig: Setting CVar [[gc.MinGCClusterSize:5]]
[2018.12.18-23.49.47:556][  0]LogConfig: Setting CVar [[gc.ActorClusteringEnabled:0]]
[2018.12.18-23.49.47:556][  0]LogConfig: Setting CVar [[gc.BlueprintClusteringEnabled:0]]
[2018.12.18-23.49.47:556][  0]LogConfig: Setting CVar [[gc.UseDisregardForGCOnDedicatedServers:0]]
[2018.12.18-23.49.47:556][  0]LogConfig: Applying CVar settings from Section [/Script/Engine.NetworkSettings] File [D:/Unreal Projects/CabinInDaHoodz/Saved/Config/Windows/Engine.ini]
[2018.12.18-23.49.47:556][  0]LogConfig: Applying CVar settings from Section [/Script/UnrealEd.CookerSettings] File [D:/Unreal Projects/CabinInDaHoodz/Saved/Config/Windows/Engine.ini]
[2018.12.18-23.49.47:635][  0]LogConfig: Applying CVar settings from Section [ViewDistanceQuality@3] File [D:/Unreal Projects/CabinInDaHoodz/Saved/Config/Windows/Scalability.ini]
[2018.12.18-23.49.47:635][  0]LogConfig: Setting CVar [[r.SkeletalMeshLODBias:0]]
[2018.12.18-23.49.47:635][  0]LogConfig: Setting CVar [[r.ViewDistanceScale:1.0]]
[2018.12.18-23.49.47:635][  0]LogConfig: Applying CVar settings from Section [AntiAliasingQuality@3] File [D:/Unreal Projects/CabinInDaHoodz/Saved/Config/Windows/Scalability.ini]
[2018.12.18-23.49.47:635][  0]LogConfig: Setting CVar [[r.PostProcessAAQuality:3]]
[2018.12.18-23.49.47:635][  0]LogConfig: Applying CVar settings from Section [ShadowQuality@3] File [D:/Unreal Projects/CabinInDaHoodz/Saved/Config/Windows/Scalability.ini]
[2018.12.18-23.49.47:635][  0]LogConfig: Setting CVar [[r.LightFunctionQuality:1]]
[2018.12.18-23.49.47:635][  0]LogConfig: Setting CVar [[r.ShadowQuality:5]]
[2018.12.18-23.49.47:635][  0]LogConfig: Setting CVar [[r.Shadow.CSM.MaxCascades:10]]
[2018.12.18-23.49.47:635][  0]LogConfig: Setting CVar [[r.Shadow.MaxResolution:2048]]
[2018.12.18-23.49.47:635][  0]LogConfig: Setting CVar [[r.Shadow.MaxCSMResolution:2048]]
[2018.12.18-23.49.47:635][  0]LogConfig: Setting CVar [[r.Shadow.RadiusThreshold:0.01]]
[2018.12.18-23.49.47:635][  0]LogConfig: Setting CVar [[r.Shadow.DistanceScale:1.0]]
[2018.12.18-23.49.47:635][  0]LogConfig: Setting CVar [[r.Shadow.CSM.TransitionScale:1.0]]
[2018.12.18-23.49.47:635][  0]LogConfig: Setting CVar [[r.Shadow.PreShadowResolutionFactor:1.0]]
[2018.12.18-23.49.47:635][  0]LogConfig: Setting CVar [[r.DistanceFieldShadowing:1]]
[2018.12.18-23.49.47:635][  0]LogConfig: Setting CVar [[r.DistanceFieldAO:1]]
[2018.12.18-23.49.47:635][  0]LogConfig: Setting CVar [[r.AOQuality:2]]
[2018.12.18-23.49.47:635][  0]LogConfig: Setting CVar [[r.VolumetricFog:1]]
[2018.12.18-23.49.47:635][  0]LogConfig: Setting CVar [[r.VolumetricFog.GridPixelSize:8]]
[2018.12.18-23.49.47:635][  0]LogConfig: Setting CVar [[r.VolumetricFog.GridSizeZ:128]]
[2018.12.18-23.49.47:635][  0]LogConfig: Setting CVar [[r.VolumetricFog.HistoryMissSupersampleCount:4]]
[2018.12.18-23.49.47:635][  0]LogConfig: Setting CVar [[r.LightMaxDrawDistanceScale:1]]
[2018.12.18-23.49.47:636][  0]LogConfig: Setting CVar [[r.CapsuleShadows:1]]
[2018.12.18-23.49.47:636][  0]LogConfig: Applying CVar settings from Section [PostProcessQuality@3] File [D:/Unreal Projects/CabinInDaHoodz/Saved/Config/Windows/Scalability.ini]
[2018.12.18-23.49.47:636][  0]LogConfig: Setting CVar [[r.MotionBlurQuality:0]]
[2018.12.18-23.49.47:636][  0]LogConfig: Setting CVar [[r.AmbientOcclusionMipLevelFactor:0.4]]
[2018.12.18-23.49.47:636][  0]LogConfig: Setting CVar [[r.AmbientOcclusionMaxQuality:100]]
[2018.12.18-23.49.47:636][  0]LogConfig: Setting CVar [[r.AmbientOcclusionLevels:0]]
[2018.12.18-23.49.47:636][  0]LogConfig: Setting CVar [[r.AmbientOcclusionRadiusScale:1.0]]
[2018.12.18-23.49.47:636][  0]LogConfig: Setting CVar [[r.DepthOfFieldQuality:0]]
[2018.12.18-23.49.47:636][  0]LogConfig: Setting CVar [[r.RenderTargetPoolMin:400]]
[2018.12.18-23.49.47:636][  0]LogConfig: Setting CVar [[r.LensFlareQuality:0]]
[2018.12.18-23.49.47:636][  0]LogConfig: Setting CVar [[r.SceneColorFringeQuality:0]]
[2018.12.18-23.49.47:636][  0]LogConfig: Setting CVar [[r.EyeAdaptationQuality:2]]
[2018.12.18-23.49.47:636][  0]LogConfig: Setting CVar [[r.BloomQuality:1]]
[2018.12.18-23.49.47:636][  0]LogConfig: Setting CVar [[r.FastBlurThreshold:0]]
[2018.12.18-23.49.47:636][  0]LogConfig: Setting CVar [[r.Upscale.Quality:3]]
[2018.12.18-23.49.47:636][  0]LogConfig: Setting CVar [[r.Tonemapper.GrainQuantization:1]]
[2018.12.18-23.49.47:636][  0]LogConfig: Setting CVar [[r.LightShaftQuality:1]]
[2018.12.18-23.49.47:636][  0]LogConfig: Setting CVar [[r.Filter.SizeScale:1]]
[2018.12.18-23.49.47:636][  0]LogConfig: Setting CVar [[r.Tonemapper.Quality:5]]
[2018.12.18-23.49.47:636][  0]LogConfig: Setting CVar [[r.DOF.Gather.AccumulatorQuality:1        ; higher gathering accumulator quality]]
[2018.12.18-23.49.47:636][  0]LogConfig: Setting CVar [[r.DOF.Gather.PostfilterMethod:1          ; Median3x3 postfilering method]]
[2018.12.18-23.49.47:636][  0]LogConfig: Setting CVar [[r.DOF.Gather.EnableBokehSettings:0       ; no bokeh simulation when gathering]]
[2018.12.18-23.49.47:636][  0]LogConfig: Setting CVar [[r.DOF.Gather.RingCount:4                 ; medium number of samples when gathering]]
[2018.12.18-23.49.47:636][  0]LogConfig: Setting CVar [[r.DOF.Scatter.ForegroundCompositing:1    ; additive foreground scattering]]
[2018.12.18-23.49.47:636][  0]LogConfig: Setting CVar [[r.DOF.Scatter.BackgroundCompositing:2    ; additive background scattering]]
[2018.12.18-23.49.47:636][  0]LogConfig: Setting CVar [[r.DOF.Scatter.EnableBokehSettings:1      ; bokeh simulation when scattering]]
[2018.12.18-23.49.47:636][  0]LogConfig: Setting CVar [[r.DOF.Scatter.MaxSpriteRatio:0.1         ; only a maximum of 10% of scattered bokeh]]
[2018.12.18-23.49.47:636][  0]LogConfig: Setting CVar [[r.DOF.Recombine.Quality:1                ; cheap slight out of focus]]
[2018.12.18-23.49.47:636][  0]LogConfig: Setting CVar [[r.DOF.Recombine.EnableBokehSettings:0    ; no bokeh simulation on slight out of focus]]
[2018.12.18-23.49.47:636][  0]LogConfig: Setting CVar [[r.DOF.TemporalAAQuality:1                ; more stable temporal accumulation]]
[2018.12.18-23.49.47:636][  0]LogConfig: Setting CVar [[r.DOF.Kernel.MaxForegroundRadius:0.025]]
[2018.12.18-23.49.47:636][  0]LogConfig: Setting CVar [[r.DOF.Kernel.MaxBackgroundRadius:0.025]]
[2018.12.18-23.49.47:636][  0]LogConfig: Applying CVar settings from Section [TextureQuality@3] File [D:/Unreal Projects/CabinInDaHoodz/Saved/Config/Windows/Scalability.ini]
[2018.12.18-23.49.47:636][  0]LogConfig: Setting CVar [[r.Streaming.MipBias:0]]
[2018.12.18-23.49.47:636][  0]LogConfig: Setting CVar [[r.Streaming.AmortizeCPUToGPUCopy:0]]
[2018.12.18-23.49.47:636][  0]LogConfig: Setting CVar [[r.Streaming.MaxNumTexturesToStreamPerFrame:0]]
[2018.12.18-23.49.47:636][  0]LogConfig: Setting CVar [[r.Streaming.Boost:1]]
[2018.12.18-23.49.47:636][  0]LogConfig: Setting CVar [[r.MaxAnisotropy:8]]
[2018.12.18-23.49.47:636][  0]LogConfig: Setting CVar [[r.Streaming.LimitPoolSizeToVRAM:0]]
[2018.12.18-23.49.47:636][  0]LogConfig: Setting CVar [[r.Streaming.PoolSize:1000]]
[2018.12.18-23.49.47:636][  0]LogConfig: Setting CVar [[r.Streaming.MaxEffectiveScreenSize:0]]
[2018.12.18-23.49.47:636][  0]LogConfig: Applying CVar settings from Section [EffectsQuality@3] File [D:/Unreal Projects/CabinInDaHoodz/Saved/Config/Windows/Scalability.ini]
[2018.12.18-23.49.47:636][  0]LogConfig: Setting CVar [[r.TranslucencyLightingVolumeDim:4]]
[2018.12.18-23.49.47:636][  0]LogConfig: Setting CVar [[r.RefractionQuality:2]]
[2018.12.18-23.49.47:636][  0]LogConfig: Setting CVar [[r.SSR.Quality:0]]
[2018.12.18-23.49.47:636][  0]LogConfig: Setting CVar [[r.SceneColorFormat:2]]
[2018.12.18-23.49.47:636][  0]LogConfig: Setting CVar [[r.DetailMode:2]]
[2018.12.18-23.49.47:636][  0]LogConfig: Setting CVar [[r.TranslucencyVolumeBlur:0]]
[2018.12.18-23.49.47:637][  0]LogConfig: Setting CVar [[r.MaterialQualityLevel:1 ; High quality]]
[2018.12.18-23.49.47:637][  0]LogConfig: Setting CVar [[r.SSS.Scale:1]]
[2018.12.18-23.49.47:637][  0]LogConfig: Setting CVar [[r.SSS.SampleSet:2]]
[2018.12.18-23.49.47:637][  0]LogConfig: Setting CVar [[r.SSS.Quality:1]]
[2018.12.18-23.49.47:637][  0]LogConfig: Setting CVar [[r.SSS.HalfRes:1]]
[2018.12.18-23.49.47:637][  0]LogConfig: Setting CVar [[r.EmitterSpawnRateScale:1.0]]
[2018.12.18-23.49.47:637][  0]LogConfig: Setting CVar [[r.ParticleLightQuality:2]]
[2018.12.18-23.49.47:637][  0]LogConfig: Applying CVar settings from Section [FoliageQuality@3] File [D:/Unreal Projects/CabinInDaHoodz/Saved/Config/Windows/Scalability.ini]
[2018.12.18-23.49.47:637][  0]LogConfig: Setting CVar [[foliage.DensityScale:1.0]]
[2018.12.18-23.49.47:637][  0]LogConfig: Setting CVar [[grass.DensityScale:1.0]]
[2018.12.18-23.49.47:637][  0]LogInit: Selected Device Profile: [Windows]
[2018.12.18-23.49.47:637][  0]LogInit: Applying CVar settings loaded from the selected device profile: [Windows]
[2018.12.18-23.49.47:655][  0]LogHAL: Display: Platform has ~ 16 GB [17170534400 / 17179869184 / 16], which maps to Larger [LargestMinGB=32, LargerMinGB=12, DefaultMinGB=8, SmallerMinGB=6, SmallestMinGB=0)
[2018.12.18-23.49.47:655][  0]LogConfig: Setting CVar [[r.Vulkan.UseRealUBs:1]]
[2018.12.18-23.49.47:655][  0]LogInit: Going up to parent DeviceProfile []
[2018.12.18-23.49.47:656][  0]LogConfig: Applying CVar settings from Section [ViewDistanceQuality@3] File [D:/Unreal Projects/CabinInDaHoodz/Saved/Config/Windows/Scalability.ini]
[2018.12.18-23.49.47:656][  0]LogConfig: Setting CVar [[r.SkeletalMeshLODBias:0]]
[2018.12.18-23.49.47:656][  0]LogConfig: Setting CVar [[r.ViewDistanceScale:1.0]]
[2018.12.18-23.49.47:656][  0]LogConfig: Applying CVar settings from Section [AntiAliasingQuality@3] File [D:/Unreal Projects/CabinInDaHoodz/Saved/Config/Windows/Scalability.ini]
[2018.12.18-23.49.47:656][  0]LogConfig: Setting CVar [[r.PostProcessAAQuality:3]]
[2018.12.18-23.49.47:656][  0]LogConfig: Applying CVar settings from Section [ShadowQuality@3] File [D:/Unreal Projects/CabinInDaHoodz/Saved/Config/Windows/Scalability.ini]
[2018.12.18-23.49.47:656][  0]LogConfig: Setting CVar [[r.LightFunctionQuality:1]]
[2018.12.18-23.49.47:656][  0]LogConfig: Setting CVar [[r.ShadowQuality:5]]
[2018.12.18-23.49.47:656][  0]LogConfig: Setting CVar [[r.Shadow.CSM.MaxCascades:10]]
[2018.12.18-23.49.47:656][  0]LogConfig: Setting CVar [[r.Shadow.MaxResolution:2048]]
[2018.12.18-23.49.47:656][  0]LogConfig: Setting CVar [[r.Shadow.MaxCSMResolution:2048]]
[2018.12.18-23.49.47:656][  0]LogConfig: Setting CVar [[r.Shadow.RadiusThreshold:0.01]]
[2018.12.18-23.49.47:656][  0]LogConfig: Setting CVar [[r.Shadow.DistanceScale:1.0]]
[2018.12.18-23.49.47:656][  0]LogConfig: Setting CVar [[r.Shadow.CSM.TransitionScale:1.0]]
[2018.12.18-23.49.47:656][  0]LogConfig: Setting CVar [[r.Shadow.PreShadowResolutionFactor:1.0]]
[2018.12.18-23.49.47:656][  0]LogConfig: Setting CVar [[r.DistanceFieldShadowing:1]]
[2018.12.18-23.49.47:656][  0]LogConfig: Setting CVar [[r.DistanceFieldAO:1]]
[2018.12.18-23.49.47:656][  0]LogConfig: Setting CVar [[r.AOQuality:2]]
[2018.12.18-23.49.47:656][  0]LogConfig: Setting CVar [[r.VolumetricFog:1]]
[2018.12.18-23.49.47:656][  0]LogConfig: Setting CVar [[r.VolumetricFog.GridPixelSize:8]]
[2018.12.18-23.49.47:656][  0]LogConfig: Setting CVar [[r.VolumetricFog.GridSizeZ:128]]
[2018.12.18-23.49.47:656][  0]LogConfig: Setting CVar [[r.VolumetricFog.HistoryMissSupersampleCount:4]]
[2018.12.18-23.49.47:656][  0]LogConfig: Setting CVar [[r.LightMaxDrawDistanceScale:1]]
[2018.12.18-23.49.47:656][  0]LogConfig: Setting CVar [[r.CapsuleShadows:1]]
[2018.12.18-23.49.47:656][  0]LogConfig: Applying CVar settings from Section [PostProcessQuality@3] File [D:/Unreal Projects/CabinInDaHoodz/Saved/Config/Windows/Scalability.ini]
[2018.12.18-23.49.47:656][  0]LogConfig: Setting CVar [[r.MotionBlurQuality:0]]
[2018.12.18-23.49.47:656][  0]LogConfig: Setting CVar [[r.AmbientOcclusionMipLevelFactor:0.4]]
[2018.12.18-23.49.47:656][  0]LogConfig: Setting CVar [[r.AmbientOcclusionMaxQuality:100]]
[2018.12.18-23.49.47:656][  0]LogConfig: Setting CVar [[r.AmbientOcclusionLevels:0]]
[2018.12.18-23.49.47:656][  0]LogConfig: Setting CVar [[r.AmbientOcclusionRadiusScale:1.0]]
[2018.12.18-23.49.47:656][  0]LogConfig: Setting CVar [[r.DepthOfFieldQuality:0]]
[2018.12.18-23.49.47:656][  0]LogConfig: Setting CVar [[r.RenderTargetPoolMin:400]]
[2018.12.18-23.49.47:656][  0]LogConfig: Setting CVar [[r.LensFlareQuality:0]]
[2018.12.18-23.49.47:656][  0]LogConfig: Setting CVar [[r.SceneColorFringeQuality:0]]
[2018.12.18-23.49.47:656][  0]LogConfig: Setting CVar [[r.EyeAdaptationQuality:2]]
[2018.12.18-23.49.47:656][  0]LogConfig: Setting CVar [[r.BloomQuality:1]]
[2018.12.18-23.49.47:656][  0]LogConfig: Setting CVar [[r.FastBlurThreshold:0]]
[2018.12.18-23.49.47:656][  0]LogConfig: Setting CVar [[r.Upscale.Quality:3]]
[2018.12.18-23.49.47:656][  0]LogConfig: Setting CVar [[r.Tonemapper.GrainQuantization:1]]
[2018.12.18-23.49.47:656][  0]LogConfig: Setting CVar [[r.LightShaftQuality:1]]
[2018.12.18-23.49.47:656][  0]LogConfig: Setting CVar [[r.Filter.SizeScale:1]]
[2018.12.18-23.49.47:656][  0]LogConfig: Setting CVar [[r.Tonemapper.Quality:5]]
[2018.12.18-23.49.47:656][  0]LogConfig: Setting CVar [[r.DOF.Gather.AccumulatorQuality:1        ; higher gathering accumulator quality]]
[2018.12.18-23.49.47:656][  0]LogConfig: Setting CVar [[r.DOF.Gather.PostfilterMethod:1          ; Median3x3 postfilering method]]
[2018.12.18-23.49.47:657][  0]LogConfig: Setting CVar [[r.DOF.Gather.EnableBokehSettings:0       ; no bokeh simulation when gathering]]
[2018.12.18-23.49.47:657][  0]LogConfig: Setting CVar [[r.DOF.Gather.RingCount:4                 ; medium number of samples when gathering]]
[2018.12.18-23.49.47:657][  0]LogConfig: Setting CVar [[r.DOF.Scatter.ForegroundCompositing:1    ; additive foreground scattering]]
[2018.12.18-23.49.47:657][  0]LogConfig: Setting CVar [[r.DOF.Scatter.BackgroundCompositing:2    ; additive background scattering]]
[2018.12.18-23.49.47:657][  0]LogConfig: Setting CVar [[r.DOF.Scatter.EnableBokehSettings:1      ; bokeh simulation when scattering]]
[2018.12.18-23.49.47:657][  0]LogConfig: Setting CVar [[r.DOF.Scatter.MaxSpriteRatio:0.1         ; only a maximum of 10% of scattered bokeh]]
[2018.12.18-23.49.47:657][  0]LogConfig: Setting CVar [[r.DOF.Recombine.Quality:1                ; cheap slight out of focus]]
[2018.12.18-23.49.47:657][  0]LogConfig: Setting CVar [[r.DOF.Recombine.EnableBokehSettings:0    ; no bokeh simulation on slight out of focus]]
[2018.12.18-23.49.47:657][  0]LogConfig: Setting CVar [[r.DOF.TemporalAAQuality:1                ; more stable temporal accumulation]]
[2018.12.18-23.49.47:657][  0]LogConfig: Setting CVar [[r.DOF.Kernel.MaxForegroundRadius:0.025]]
[2018.12.18-23.49.47:657][  0]LogConfig: Setting CVar [[r.DOF.Kernel.MaxBackgroundRadius:0.025]]
[2018.12.18-23.49.47:657][  0]LogConfig: Applying CVar settings from Section [TextureQuality@3] File [D:/Unreal Projects/CabinInDaHoodz/Saved/Config/Windows/Scalability.ini]
[2018.12.18-23.49.47:657][  0]LogConfig: Setting CVar [[r.Streaming.MipBias:0]]
[2018.12.18-23.49.47:657][  0]LogConfig: Setting CVar [[r.Streaming.AmortizeCPUToGPUCopy:0]]
[2018.12.18-23.49.47:657][  0]LogConfig: Setting CVar [[r.Streaming.MaxNumTexturesToStreamPerFrame:0]]
[2018.12.18-23.49.47:657][  0]LogConfig: Setting CVar [[r.Streaming.Boost:1]]
[2018.12.18-23.49.47:657][  0]LogConfig: Setting CVar [[r.MaxAnisotropy:8]]
[2018.12.18-23.49.47:657][  0]LogConfig: Setting CVar [[r.Streaming.LimitPoolSizeToVRAM:0]]
[2018.12.18-23.49.47:657][  0]LogConfig: Setting CVar [[r.Streaming.PoolSize:1000]]
[2018.12.18-23.49.47:657][  0]LogConfig: Setting CVar [[r.Streaming.MaxEffectiveScreenSize:0]]
[2018.12.18-23.49.47:657][  0]LogConfig: Applying CVar settings from Section [EffectsQuality@3] File [D:/Unreal Projects/CabinInDaHoodz/Saved/Config/Windows/Scalability.ini]
[2018.12.18-23.49.47:657][  0]LogConfig: Setting CVar [[r.TranslucencyLightingVolumeDim:4]]
[2018.12.18-23.49.47:657][  0]LogConfig: Setting CVar [[r.RefractionQuality:2]]
[2018.12.18-23.49.47:657][  0]LogConfig: Setting CVar [[r.SSR.Quality:0]]
[2018.12.18-23.49.47:657][  0]LogConfig: Setting CVar [[r.SceneColorFormat:2]]
[2018.12.18-23.49.47:657][  0]LogConfig: Setting CVar [[r.DetailMode:2]]
[2018.12.18-23.49.47:657][  0]LogConfig: Setting CVar [[r.TranslucencyVolumeBlur:0]]
[2018.12.18-23.49.47:657][  0]LogConfig: Setting CVar [[r.MaterialQualityLevel:1 ; High quality]]
[2018.12.18-23.49.47:657][  0]LogConfig: Setting CVar [[r.SSS.Scale:1]]
[2018.12.18-23.49.47:657][  0]LogConfig: Setting CVar [[r.SSS.SampleSet:2]]
[2018.12.18-23.49.47:657][  0]LogConfig: Setting CVar [[r.SSS.Quality:1]]
[2018.12.18-23.49.47:657][  0]LogConfig: Setting CVar [[r.SSS.HalfRes:1]]
[2018.12.18-23.49.47:657][  0]LogConfig: Setting CVar [[r.EmitterSpawnRateScale:1.0]]
[2018.12.18-23.49.47:657][  0]LogConfig: Setting CVar [[r.ParticleLightQuality:2]]
[2018.12.18-23.49.47:657][  0]LogConfig: Applying CVar settings from Section [FoliageQuality@3] File [D:/Unreal Projects/CabinInDaHoodz/Saved/Config/Windows/Scalability.ini]
[2018.12.18-23.49.47:657][  0]LogConfig: Setting CVar [[foliage.DensityScale:1.0]]
[2018.12.18-23.49.47:657][  0]LogConfig: Setting CVar [[grass.DensityScale:1.0]]
[2018.12.18-23.49.47:657][  0]LogConfig: Applying CVar settings from Section [Startup] File [../../../Engine/Config/ConsoleVariables.ini]
[2018.12.18-23.49.47:658][  0]LogConfig: Setting CVar [[net.UseAdaptiveNetUpdateFrequency:0]]
[2018.12.18-23.49.47:658][  0]LogConfig: Applying CVar settings from Section [ConsoleVariables] File [D:/Unreal Projects/CabinInDaHoodz/Saved/Config/Windows/Engine.ini]
[2018.12.18-23.49.47:658][  0]LogInit: Computer: KAZZCOMP
[2018.12.18-23.49.47:658][  0]LogInit: User: Admin
[2018.12.18-23.49.47:658][  0]LogInit: CPU Page size=4096, Cores=4
[2018.12.18-23.49.47:658][  0]LogInit: High frequency timer resolution =2.610081 MHz
[2018.12.18-23.49.47:658][  0]LogMemory: Memory total: Physical=16.0GB (16GB approx)
[2018.12.18-23.49.47:658][  0]LogMemory: Platform Memory Stats for Windows
[2018.12.18-23.49.47:658][  0]LogMemory: Process Physical Memory: 102.10 MB used, 102.10 MB peak
[2018.12.18-23.49.47:658][  0]LogMemory: Process Virtual Memory: 91.34 MB used, 91.34 MB peak
[2018.12.18-23.49.47:658][  0]LogMemory: Physical Memory: 5999.08 MB used,  10376.02 MB free, 16375.10 MB total
[2018.12.18-23.49.47:658][  0]LogMemory: Virtual Memory: 4647.79 MB used,  134213080.00 MB free, 134217728.00 MB total
[2018.12.18-23.49.47:691][  0]LogInit: Using OS detected language (sv-SE).
[2018.12.18-23.49.47:691][  0]LogInit: Using OS detected locale (sv-SE).
[2018.12.18-23.49.47:692][  0]LogTextLocalizationManager: No localization for 'sv-SE' exists, so 'en' will be used for the language.
[2018.12.18-23.49.48:227][  0]LogStreaming: Display: Took  0.536s to InitEngineTextLocalization.
[2018.12.18-23.49.48:228][  0]LogInit: Setting process to per monitor DPI aware
[2018.12.18-23.49.48:299][  0]LogSlate: New Slate User Created.  User Index 0, Is Virtual User: 0
[2018.12.18-23.49.48:299][  0]LogSlate: Slate User Registered.  User Index 0, Is Virtual User: 0
[2018.12.18-23.49.48:608][  0]LogHMD: Failed to initialize OpenVR with code 105
[2018.12.18-23.49.48:608][  0]LogD3D11RHI: D3D11 adapters:
[2018.12.18-23.49.48:690][  0]LogD3D11RHI:    0. 'NVIDIA GeForce GTX 980' (Feature Level 11_0)
[2018.12.18-23.49.48:690][  0]LogD3D11RHI:       4053/0/8187 MB DedicatedVideo/DedicatedSystem/SharedSystem, Outputs:2, VendorId:0x10de
[2018.12.18-23.49.48:694][  0]LogD3D11RHI:    1. 'Microsoft Basic Render Driver' (Feature Level 11_0)
[2018.12.18-23.49.48:694][  0]LogD3D11RHI:       0/0/8187 MB DedicatedVideo/DedicatedSystem/SharedSystem, Outputs:0, VendorId:0x1414
[2018.12.18-23.49.48:694][  0]LogD3D11RHI: Chosen D3D11 Adapter: 0
[2018.12.18-23.49.48:719][  0]LogD3D11RHI: Creating new Direct3DDevice
[2018.12.18-23.49.48:719][  0]LogD3D11RHI:     GPU DeviceId: 0x13c0 (for the marketing name, search the web for "GPU Device Id")
[2018.12.18-23.49.48:720][  0]LogWindows: EnumDisplayDevices:
[2018.12.18-23.49.48:723][  0]LogWindows:    0. 'NVIDIA GeForce GTX 980' (P:0 D:1)
[2018.12.18-23.49.48:723][  0]LogWindows:    1. 'NVIDIA GeForce GTX 980' (P:1 D:1)
[2018.12.18-23.49.48:724][  0]LogWindows:    2. 'NVIDIA GeForce GTX 980' (P:0 D:0)
[2018.12.18-23.49.48:725][  0]LogWindows:    3. 'NVIDIA GeForce GTX 980' (P:0 D:0)
[2018.12.18-23.49.48:726][  0]LogWindows: DebugString: FoundDriverCount:4 
[2018.12.18-23.49.48:726][  0]LogD3D11RHI:     Adapter Name: NVIDIA GeForce GTX 980
[2018.12.18-23.49.48:726][  0]LogD3D11RHI:   Driver Version: 398.11 (internal:24.21.13.9811, unified:398.11)
[2018.12.18-23.49.48:726][  0]LogD3D11RHI:      Driver Date: 6-1-2018
[2018.12.18-23.49.48:726][  0]LogRHI: Texture pool is 2837 MB (70% of 4053 MB)
[2018.12.18-23.49.48:780][  0]LogD3D11RHI: Async texture creation enabled
[2018.12.18-23.49.48:799][  0]LogD3D11RHI: GPU Timing Frequency: 1000.000000 (Debug: 2 2)
[2018.12.18-23.49.49:321][  0]LogTemp: Display: Loaded TP AllDesktopTargetPlatform
[2018.12.18-23.49.49:341][  0]LogTemp: Display: Loaded TP MacClientTargetPlatform
[2018.12.18-23.49.49:361][  0]LogTemp: Display: Loaded TP MacNoEditorTargetPlatform
[2018.12.18-23.49.49:386][  0]LogTemp: Display: Loaded TP MacServerTargetPlatform
[2018.12.18-23.49.49:407][  0]LogTemp: Display: Loaded TP MacTargetPlatform
[2018.12.18-23.49.49:427][  0]LogTemp: Display: Loaded TP WindowsClientTargetPlatform
[2018.12.18-23.49.49:447][  0]LogTemp: Display: Loaded TP WindowsNoEditorTargetPlatform
[2018.12.18-23.49.49:467][  0]LogTemp: Display: Loaded TP WindowsServerTargetPlatform
[2018.12.18-23.49.49:476][  0]LogTemp: Display: Loaded TP WindowsTargetPlatform
[2018.12.18-23.49.49:602][  0]LogTemp: Display: Loaded TP AndroidTargetPlatform
[2018.12.18-23.49.49:602][  0]LogTemp: Display: Loaded TP AndroidTargetPlatform
[2018.12.18-23.49.49:602][  0]LogTemp: Display: Loaded TP AndroidTargetPlatform
[2018.12.18-23.49.49:602][  0]LogTemp: Display: Loaded TP AndroidTargetPlatform
[2018.12.18-23.49.49:602][  0]LogTemp: Display: Loaded TP AndroidTargetPlatform
[2018.12.18-23.49.49:602][  0]LogTemp: Display: Loaded TP AndroidTargetPlatform
[2018.12.18-23.49.49:602][  0]LogTemp: Display: Loaded TP AndroidTargetPlatform
[2018.12.18-23.49.49:602][  0]LogTemp: Display: Loaded TP AndroidTargetPlatform
[2018.12.18-23.49.49:602][  0]LogTemp: Display: Loaded TP AndroidTargetPlatform
[2018.12.18-23.49.49:602][  0]LogTemp: Display: Loaded TP AndroidTargetPlatform
[2018.12.18-23.49.49:602][  0]LogTemp: Display: Loaded TP AndroidTargetPlatform
[2018.12.18-23.49.49:602][  0]LogTemp: Display: Loaded TP AndroidTargetPlatform
[2018.12.18-23.49.49:602][  0]LogTemp: Display: Loaded TP AndroidTargetPlatform
[2018.12.18-23.49.49:602][  0]LogTemp: Display: Loaded TP AndroidTargetPlatform
[2018.12.18-23.49.49:602][  0]LogTemp: Display: Loaded TP AndroidTargetPlatform
[2018.12.18-23.49.49:603][  0]LogTemp: Display: Loaded TP AndroidTargetPlatform
[2018.12.18-23.49.49:603][  0]LogTemp: Display: Loaded TP AndroidTargetPlatform
[2018.12.18-23.49.49:603][  0]LogTemp: Display: Loaded TP AndroidTargetPlatform
[2018.12.18-23.49.49:604][  0]LogTemp: Display: Loaded TP HTML5TargetPlatform
[2018.12.18-23.49.49:679][  0]LogTemp: Display: Loaded TP IOSTargetPlatform
[2018.12.18-23.49.49:679][  0]LogTemp: Display: Loaded TP IOSTargetPlatform
[2018.12.18-23.49.49:724][  0]LogTemp: Display: Loaded TP TVOSTargetPlatform
[2018.12.18-23.49.49:724][  0]LogTemp: Display: Loaded TP TVOSTargetPlatform
[2018.12.18-23.49.49:744][  0]LogTemp: Display: Loaded TP LinuxClientTargetPlatform
[2018.12.18-23.49.49:763][  0]LogTemp: Display: Loaded TP LinuxNoEditorTargetPlatform
[2018.12.18-23.49.49:787][  0]LogTemp: Display: Loaded TP LinuxServerTargetPlatform
[2018.12.18-23.49.49:809][  0]LogTemp: Display: Loaded TP LinuxTargetPlatform
[2018.12.18-23.49.49:880][  0]LogTemp: Display: Loaded TP LuminTargetPlatform
[2018.12.18-23.49.49:880][  0]LogTemp: Display: Loaded TP LuminTargetPlatform
[2018.12.18-23.49.49:880][  0]LogTargetPlatformManager: Display: Building Assets For Windows
[2018.12.18-23.49.49:945][  0]LogShaderCompilers: Guid format shader working directory is 1 characters bigger than the processId version (../../../../../Unreal Projects/CabinInDaHoodz/Intermediate/Shaders/WorkingDirectory/1256/).
[2018.12.18-23.49.49:946][  0]LogShaderCompilers: Cleaned the shader compiler working directory 'C:/Users/Admin/AppData/Local/Temp/UnrealShaderWorkingDir/7A01BB7C46B97C1A040067B54BC616D9/'.
[2018.12.18-23.49.49:948][  0]LogXGEController: Cleaning working directory: C:/Users/Admin/AppData/Local/Temp/UnrealXGEWorkingDir/
[2018.12.18-23.49.49:948][  0]LogXGEController: Cannot use XGE Controller as Incredibuild is not installed on this machine.
[2018.12.18-23.49.49:949][  0]LogShaderCompilers: Cannot use XGE Shader Compiler as Incredibuild is not installed on this machine.
[2018.12.18-23.49.49:949][  0]LogShaderCompilers: Display: Using Local Shader Compiler.
[2018.12.18-23.49.50:839][  0]LogDerivedDataCache: Display: Max Cache Size: 512 MB
[2018.12.18-23.49.50:919][  0]LogDerivedDataCache: Loaded boot cache 0.08s 72MB C:/Users/Admin/AppData/Local/UnrealEngine/4.21/DerivedDataCache/Boot.ddc.
[2018.12.18-23.49.50:920][  0]LogDerivedDataCache: Display: Loaded Boot cache: C:/Users/Admin/AppData/Local/UnrealEngine/4.21/DerivedDataCache/Boot.ddc
[2018.12.18-23.49.50:920][  0]LogDerivedDataCache: FDerivedDataBackendGraph:  Pak pak cache file ../../../../../Unreal Projects/CabinInDaHoodz/DerivedDataCache/DDC.ddp not found, will not use a pak cache.
[2018.12.18-23.49.50:920][  0]LogDerivedDataCache: Unable to find inner node Pak for hierarchical cache Hierarchy.
[2018.12.18-23.49.50:920][  0]LogDerivedDataCache: FDerivedDataBackendGraph:  CompressedPak pak cache file ../../../../../Unreal Projects/CabinInDaHoodz/DerivedDataCache/Compressed.ddp not found, will not use a pak cache.
[2018.12.18-23.49.50:920][  0]LogDerivedDataCache: Unable to find inner node CompressedPak for hierarchical cache Hierarchy.
[2018.12.18-23.49.50:939][  0]LogDerivedDataCache: Display: Pak cache opened for reading ../../../Engine/DerivedDataCache/Compressed.ddp.
[2018.12.18-23.49.50:939][  0]LogDerivedDataCache: FDerivedDataBackendGraph:  EnterprisePak pak cache file ../../../Enterprise/DerivedDataCache/Compressed.ddp not found, will not use a pak cache.
[2018.12.18-23.49.50:939][  0]LogDerivedDataCache: Unable to find inner node EnterprisePak for hierarchical cache Hierarchy.
[2018.12.18-23.49.50:952][  0]LogDerivedDataCache: Using Local data cache path C:/Users/Admin/AppData/Local/UnrealEngine/Common/DerivedDataCache: Writable
[2018.12.18-23.49.50:952][  0]LogDerivedDataCache: Shared data cache path not found in *engine.ini, will not use an Shared cache.
[2018.12.18-23.49.50:952][  0]LogDerivedDataCache: Unable to find inner node Shared for hierarchical cache Hierarchy.
[2018.12.18-23.49.50:990][  0]LogMaterial: Verifying Global Shaders for PCD3D_SM5
[2018.12.18-23.49.50:992][  0]LogSlate: Using FreeType 2.6.0
[2018.12.18-23.49.50:993][  0]LogSlate: SlateFontServices - WITH_FREETYPE: 1, WITH_HARFBUZZ: 1
[2018.12.18-23.49.51:112][  0]LogAssetRegistry: FAssetRegistry took 0.0402 seconds to start up
[2018.12.18-23.49.51:665][  0]LogInit: Selected Device Profile: [Windows]
[2018.12.18-23.49.51:907][  0]LogSimplygon: Simplygon DLL not present - disabling.
[2018.12.18-23.49.51:912][  0]LogMeshReduction: Using SimplygonSwarm for distributed automatic mesh merging
[2018.12.18-23.49.51:912][  0]LogMeshReduction: Using ProxyLODMeshReduction for automatic mesh merging
[2018.12.18-23.49.51:912][  0]LogMeshReduction: Using QuadricMeshReduction for automatic static mesh reduction
[2018.12.18-23.49.51:912][  0]LogMeshReduction: No automatic skeletal mesh reduction module available
[2018.12.18-23.49.51:928][  0]LogNetVersion: CabinInDaHoodz 1.0.0, NetCL: 4541578, EngineNetVer: 5, GameNetVer: 0 (Checksum: 2855039875)
[2018.12.18-23.49.52:017][  0]LogNavigation: Error: [/Script/Engine.NavigationSystem] found in the DefaultEngine.ini file. This class has been moved. Please rename that section to [/Script/NavigationSystem.NavigationSystemV1]
[2018.12.18-23.49.52:606][  0]LogPackageLocalizationCache: Processed 11 localized package path(s) for 1 prioritized culture(s) in 0.066321 seconds
[2018.12.18-23.49.52:615][  0]LogUObjectArray: 39775 objects as part of root set at end of initial load.
[2018.12.18-23.49.52:615][  0]LogUObjectAllocator: 6914656 out of 0 bytes used by permanent object pool.
[2018.12.18-23.49.52:615][  0]LogUObjectArray: CloseDisregardForGC: 0/0 objects in disregard for GC pool
[2018.12.18-23.49.53:863][  0]LogTcpMessaging: Initializing TcpMessaging bridge
[2018.12.18-23.49.53:879][  0]LogUdpMessaging: Initializing bridge on interface 0.0.0.0:0 to multicast group 230.0.0.1:6666.
[2018.12.18-23.49.54:895][  0]SourceControl: Source control is disabled
[2018.12.18-23.49.54:895][  0]SourceControl: Source control is disabled
[2018.12.18-23.49.54:897][  0]SourceControl: Source control is disabled
[2018.12.18-23.49.54:898][  0]SourceControl: Source control is disabled
[2018.12.18-23.49.55:090][  0]LogAndroidPermission: UAndroidPermissionCallbackProxy::GetInstance
[2018.12.18-23.49.55:217][  0]LogOcInput: OculusInput pre-init called
[2018.12.18-23.49.55:401][  0]LogEngine: Initializing Engine...
[2018.12.18-23.49.55:405][  0]LogHMD: Failed to initialize OpenVR with code 105
[2018.12.18-23.49.55:407][  0]LogStats: UGameplayTagsManager::ConstructGameplayTagTree: ImportINI prefixes -  0.000 s
[2018.12.18-23.49.55:407][  0]LogStats: UGameplayTagsManager::ConstructGameplayTagTree: Construct from data asset -  0.000 s
[2018.12.18-23.49.55:407][  0]LogStats: UGameplayTagsManager::ConstructGameplayTagTree: ImportINI -  0.000 s
[2018.12.18-23.49.55:407][  0]LogStats: UGameplayTagsManager::ConstructGameplayTagTree: GameplayTagTreeChangedEvent.Broadcast -  0.000 s
[2018.12.18-23.49.55:779][  0]LogInit: Initializing FReadOnlyCVARCache
[2018.12.18-23.49.55:803][  0]LogAIModule: Creating AISystem for world Untitled
[2018.12.18-23.49.55:848][  0]LogInit: XAudio2 using 'Högtalare (M-Audio M-Track 2X2)' : 2 channels at 44.1 kHz using 16 bits per sample (channel mask 0x3)
[2018.12.18-23.49.55:864][  0]LogInit: FAudioDevice initialized.
[2018.12.18-23.49.55:865][  0]LogNetVersion: Set ProjectVersion to 1.0.0.0. Version Checksum will be recalculated on next use.
[2018.12.18-23.49.55:938][  0]LogDerivedDataCache: Saved boot cache 0.07s 72MB C:/Users/Admin/AppData/Local/UnrealEngine/4.21/DerivedDataCache/Boot.ddc.
[2018.12.18-23.49.55:953][  0]LogInit: Texture streaming: Enabled
[2018.12.18-23.49.55:975][  0]LogEngineSessionManager: EngineSessionManager initialized
[2018.12.18-23.49.55:991][  0]LogInit: Transaction tracking system initialized
[2018.12.18-23.49.56:026][  0]BlueprintLog: New page: Editor Load
[2018.12.18-23.49.56:124][  0]LocalizationService: Localization service is disabled
[2018.12.18-23.49.56:841][  0]LogFileCache: Scanning file cache for directory 'D:/Unreal Projects/CabinInDaHoodz/Content/' took 0.01s
[2018.12.18-23.49.56:841][  0]LogCook: Display: Max memory allowance for cook 16384mb min free memory 0mb
[2018.12.18-23.49.56:841][  0]LogCook: Display: Mobile HDR setting 1
[2018.12.18-23.49.56:841][  0]LogGameplayTags: Display: UGameplayTagsManager::DoneAddingNativeTags. DelegateIsBound: 0
[2018.12.18-23.49.56:841][  0]LogStats: UGameplayTagsManager::ConstructGameplayTagTree: ImportINI prefixes -  0.000 s
[2018.12.18-23.49.56:841][  0]LogStats: UGameplayTagsManager::ConstructGameplayTagTree: Construct from data asset -  0.000 s
[2018.12.18-23.49.56:842][  0]LogStats: UGameplayTagsManager::ConstructGameplayTagTree: ImportINI -  0.000 s
[2018.12.18-23.49.56:842][  0]LogStats: UGameplayTagsManager::ConstructGameplayTagTree: GameplayTagTreeChangedEvent.Broadcast -  0.000 s
[2018.12.18-23.49.57:033][  0]SourceControl: Source control is disabled
[2018.12.18-23.49.57:034][  0]Cmd: MAP LOAD FILE="../../../../../Unreal Projects/CabinInDaHoodz/Content/Levels/MenuLevel.umap" TEMPLATE=0 SHOWPROGRESS=1 FEATURELEVEL=3
[2018.12.18-23.49.57:035][  0]LightingResults: New page: Lighting Build
[2018.12.18-23.49.57:038][  0]MapCheck: New page: Map Check
[2018.12.18-23.49.57:038][  0]LightingResults: New page: Lighting Build
[2018.12.18-23.49.57:121][  0]LogAIModule: Creating AISystem for world MenuLevel
[2018.12.18-23.49.57:123][  0]LogEditorServer: Finished looking for orphan Actors (0.000 secs)
[2018.12.18-23.49.57:153][  0]Cmd: MAP CHECKDEP NOCLEARLOG
[2018.12.18-23.49.57:154][  0]MapCheck: Map check complete: 0 Error(s), 0 Warning(s), took 0,151ms to complete.
[2018.12.18-23.49.57:154][  0]LogFileHelpers: Loading map 'MenuLevel' took 0.120
[2018.12.18-23.49.57:312][  0]LogSlate: Updating window title bar state: overlay mode, drag disabled, window buttons hidden, title bar hidden
[2018.12.18-23.49.57:323][  0]LogSlate: Updating window title bar state: overlay mode, drag disabled, window buttons hidden, title bar hidden
[2018.12.18-23.49.57:336][  0]LogSlate: Updating window title bar state: overlay mode, drag disabled, window buttons hidden, title bar hidden
[2018.12.18-23.49.57:348][  0]LogSlate: Updating window title bar state: overlay mode, drag disabled, window buttons hidden, title bar hidden
[2018.12.18-23.49.57:355][  0]LogCollectionManager: Loaded 0 collections in 0.001838 seconds
[2018.12.18-23.49.57:393][  0]LogFileCache: Scanning file cache for directory 'D:/Unreal Projects/CabinInDaHoodz/Saved/Collections/' took 0.01s
[2018.12.18-23.49.57:393][  0]LogFileCache: Scanning file cache for directory 'D:/Unreal Projects/CabinInDaHoodz/Content/Developers/Admin/Collections/' took 0.00s
[2018.12.18-23.49.57:393][  0]LogFileCache: Scanning file cache for directory 'D:/Unreal Projects/CabinInDaHoodz/Content/Collections/' took 0.01s
[2018.12.18-23.49.57:393][  0]LogCollectionManager: Rebuilt the GUID cache for 0 collections in 0.000000 seconds
[2018.12.18-23.49.57:412][  0]LogContentBrowser: Native class hierarchy populated in 0.0179 seconds. Added 2651 classes and 620 folders.
[2018.12.18-23.49.57:420][  0]LogContentBrowser: Native class hierarchy updated for 'WidgetCarousel' in 0.0005 seconds. Added 0 classes and 0 folders.
[2018.12.18-23.49.57:422][  0]LogPakFile: Registered encryption key '00000000000000000000000000000000': 0 pak files mounted, 0 remain pending
[2018.12.18-23.49.57:422][  0]LogPakFile: Registered encryption key '00000000000000000000000000000000': 0 pak files mounted, 0 remain pending
[2018.12.18-23.49.57:423][  0]LogPakFile: Registered encryption key '00000000000000000000000000000000': 0 pak files mounted, 0 remain pending
[2018.12.18-23.49.57:424][  0]LogPakFile: Registered encryption key '00000000000000000000000000000000': 0 pak files mounted, 0 remain pending
[2018.12.18-23.49.57:424][  0]LogPakFile: Registered encryption key '00000000000000000000000000000000': 0 pak files mounted, 0 remain pending
[2018.12.18-23.49.57:425][  0]LogPakFile: Registered encryption key '00000000000000000000000000000000': 0 pak files mounted, 0 remain pending
[2018.12.18-23.49.57:425][  0]LogPakFile: Registered encryption key '00000000000000000000000000000000': 0 pak files mounted, 0 remain pending
[2018.12.18-23.49.57:426][  0]LogPakFile: Registered encryption key '00000000000000000000000000000000': 0 pak files mounted, 0 remain pending
[2018.12.18-23.49.57:427][  0]LogPakFile: Registered encryption key '00000000000000000000000000000000': 0 pak files mounted, 0 remain pending
[2018.12.18-23.49.57:427][  0]LogPakFile: Registered encryption key '00000000000000000000000000000000': 0 pak files mounted, 0 remain pending
[2018.12.18-23.49.57:428][  0]LogPakFile: Registered encryption key '00000000000000000000000000000000': 0 pak files mounted, 0 remain pending
[2018.12.18-23.49.57:428][  0]LogPakFile: Registered encryption key '00000000000000000000000000000000': 0 pak files mounted, 0 remain pending
[2018.12.18-23.49.57:429][  0]LogPakFile: Registered encryption key '00000000000000000000000000000000': 0 pak files mounted, 0 remain pending
[2018.12.18-23.49.57:430][  0]LogPakFile: Registered encryption key '00000000000000000000000000000000': 0 pak files mounted, 0 remain pending
[2018.12.18-23.49.57:431][  0]LogPakFile: Registered encryption key '00000000000000000000000000000000': 0 pak files mounted, 0 remain pending
[2018.12.18-23.49.57:432][  0]LogPakFile: Registered encryption key '00000000000000000000000000000000': 0 pak files mounted, 0 remain pending
[2018.12.18-23.49.57:432][  0]LogPakFile: Registered encryption key '00000000000000000000000000000000': 0 pak files mounted, 0 remain pending
[2018.12.18-23.49.57:433][  0]LogPakFile: Registered encryption key '00000000000000000000000000000000': 0 pak files mounted, 0 remain pending
[2018.12.18-23.49.57:434][  0]LogPakFile: Registered encryption key '00000000000000000000000000000000': 0 pak files mounted, 0 remain pending
[2018.12.18-23.49.57:434][  0]LogPakFile: Registered encryption key '00000000000000000000000000000000': 0 pak files mounted, 0 remain pending
[2018.12.18-23.49.57:435][  0]LogPakFile: Registered encryption key '00000000000000000000000000000000': 0 pak files mounted, 0 remain pending
[2018.12.18-23.49.57:436][  0]LogPakFile: Registered encryption key '00000000000000000000000000000000': 0 pak files mounted, 0 remain pending
[2018.12.18-23.49.57:436][  0]LogPakFile: Registered encryption key '00000000000000000000000000000000': 0 pak files mounted, 0 remain pending
[2018.12.18-23.49.57:437][  0]LogPakFile: Registered encryption key '00000000000000000000000000000000': 0 pak files mounted, 0 remain pending
[2018.12.18-23.49.57:438][  0]LogPakFile: Registered encryption key '00000000000000000000000000000000': 0 pak files mounted, 0 remain pending
[2018.12.18-23.49.57:439][  0]LogPakFile: Registered encryption key '00000000000000000000000000000000': 0 pak files mounted, 0 remain pending
[2018.12.18-23.49.57:479][  0]LogContentBrowser: Native class hierarchy updated for 'AddContentDialog' in 0.0005 seconds. Added 0 classes and 0 folders.
[2018.12.18-23.49.57:485][  0]LogContentBrowser: Native class hierarchy updated for 'SceneOutliner' in 0.0005 seconds. Added 1 classes and 2 folders.
[2018.12.18-23.49.57:583][  0]LogSlate: Took 0.000257 seconds to synchronously load lazily loaded font '../../../Engine/Content/Slate/Fonts/Roboto-Regular.ttf' (155K)
[2018.12.18-23.49.57:586][  0]LogSlate: Took 0.000210 seconds to synchronously load lazily loaded font '../../../Engine/Content/Slate/Fonts/Roboto-Bold.ttf' (160K)
[2018.12.18-23.49.57:594][  0]LogSlate: Took 0.000199 seconds to synchronously load lazily loaded font '../../../Engine/Content/Editor/Slate/Fonts/FontAwesome.ttf' (139K)
[2018.12.18-23.49.57:727][  0]LogRenderer: Reallocating scene render targets to support 1228x708 Format 26 NumSamples 1 (Frame:1).
[2018.12.18-23.49.57:901][  0]LogContentBrowser: Native class hierarchy updated for 'HierarchicalLODOutliner' in 0.0007 seconds. Added 0 classes and 0 folders.
[2018.12.18-23.49.57:901][  0]LogLoad: (Engine Initialization) Total time: 12.46 seconds
[2018.12.18-23.49.57:901][  0]LogLoad: (Engine Initialization) Total Blueprint compile time: 0.00 seconds
[2018.12.18-23.49.57:912][  0]LogWindowsTextInputMethodSystem: Display: IME system now deactivated.
[2018.12.18-23.49.57:956][  0]LogAssetRegistry: Asset discovery search completed in 6.8665 seconds
[2018.12.18-23.49.57:958][  0]LogCollectionManager: Rebuilt the object cache for 0 collections in 0.000000 seconds (found 0 objects)
[2018.12.18-23.49.57:958][  0]LogCollectionManager: Fixed up redirectors for 0 collections in 0.000087 seconds (updated 0 objects)
[2018.12.18-23.49.57:968][  0]LogContentStreaming: Texture pool size now 1000 MB
[2018.12.18-23.49.58:035][  0]LogSlate: Took 0.000158 seconds to synchronously load lazily loaded font '../../../Engine/Content/Slate/Fonts/Roboto-Light.ttf' (167K)
[2018.12.18-23.49.58:951][ 78]LogSlate: Took 0.000333 seconds to synchronously load lazily loaded font '../../../Engine/Content/Slate/Fonts/Roboto-Light.ttf' (167K)
[2018.12.18-23.50.10:000][946]LogSlate: FSceneViewport::OnFocusLost() reason 0
[2018.12.18-23.50.12:570][100]LogAIModule: Creating AISystem for world GameLevel
[2018.12.18-23.50.12:580][100]LogAssetEditorManager: Opening Asset editor for World /Game/Levels/GameLevel.GameLevel
[2018.12.18-23.50.12:611][100]Cmd: MAP LOAD FILE="../../../../../Unreal Projects/CabinInDaHoodz/Content/Levels/GameLevel.umap" TEMPLATE=0 SHOWPROGRESS=1 FEATURELEVEL=3
[2018.12.18-23.50.12:611][100]LightingResults: New page: Lighting Build
[2018.12.18-23.50.12:612][100]LoadErrors: New page: Loading map: GameLevel.umap
[2018.12.18-23.50.12:612][100]MapCheck: New page: Map Check
[2018.12.18-23.50.12:612][100]LightingResults: New page: Lighting Build
[2018.12.18-23.50.12:737][100]LogEditorServer: Finished looking for orphan Actors (0.000 secs)
[2018.12.18-23.50.12:804][100]Cmd: MAP CHECKDEP NOCLEARLOG
[2018.12.18-23.50.12:808][100]MapCheck: Map check complete: 0 Error(s), 0 Warning(s), took 2,908ms to complete.
[2018.12.18-23.50.12:808][100]LogFileHelpers: Loading map 'GameLevel' took 0.199
[2018.12.18-23.50.27:981][168]LogAssetEditorManager: Opening Asset editor for Blueprint /Game/Blueprints/BP_GameMode.BP_GameMode
[2018.12.18-23.50.28:842][168]LogContentBrowser: Native class hierarchy updated for 'BlueprintGraph' in 0.0012 seconds. Added 117 classes and 0 folders.
[2018.12.18-23.50.30:380][168]LogSlate: Took 0.000259 seconds to synchronously load lazily loaded font '../../../Engine/Content/Slate/Fonts/Roboto-BoldCondensed.ttf' (158K)
[2018.12.18-23.50.30:464][169]LogSlate: Took 0.000327 seconds to synchronously load lazily loaded font '../../../Engine/Content/Slate/Fonts/Roboto-Italic.ttf' (157K)
[2018.12.18-23.55.38:340][691]BlueprintLog: New page: Compile BP_GameMode
[2018.12.18-23.55.39:082][714]Cmd: OBJ SAVEPACKAGE PACKAGE="/Game/Blueprints/BP_GameMode" FILE="../../../../../Unreal Projects/CabinInDaHoodz/Content/Blueprints/BP_GameMode.uasset" SILENT=true
[2018.12.18-23.55.39:119][714]LogSavePackage: Moving '../../../../../Unreal Projects/CabinInDaHoodz/Saved/BP_GameMode073ADEA4401FB4745632609CDE291D51.tmp' to '../../../../../Unreal Projects/CabinInDaHoodz/Content/Blueprints/BP_GameMode.uasset'
[2018.12.18-23.57.05:204][ 98]Cmd: OBJ SAVEPACKAGE PACKAGE="/Game/Blueprints/BP_GameMode" FILE="../../../../../Unreal Projects/CabinInDaHoodz/Content/Blueprints/BP_GameMode.uasset" SILENT=true
[2018.12.18-23.57.05:237][ 98]LogSavePackage: Moving '../../../../../Unreal Projects/CabinInDaHoodz/Saved/BP_GameModeA65E273B4D4B70F3BF5630875326B5B4.tmp' to '../../../../../Unreal Projects/CabinInDaHoodz/Content/Blueprints/BP_GameMode.uasset'
[2018.12.18-23.58.01:207][947]Cmd: OBJ SAVEPACKAGE PACKAGE="/Game/Blueprints/BP_GameMode" FILE="../../../../../Unreal Projects/CabinInDaHoodz/Content/Blueprints/BP_GameMode.uasset" SILENT=true
[2018.12.18-23.58.01:234][947]LogSavePackage: Moving '../../../../../Unreal Projects/CabinInDaHoodz/Saved/BP_GameModeE2D3685F4FA43F06F4840ABF995ED327.tmp' to '../../../../../Unreal Projects/CabinInDaHoodz/Content/Blueprints/BP_GameMode.uasset'
[2018.12.19-00.00.27:415][882]LogSlate: Window 'Pick Parent Class' being destroyed
[2018.12.19-00.00.43:307][250]LogAssetEditorManager: Opening Asset editor for Blueprint /Game/Blueprints/BP_NonVRPlayer.BP_NonVRPlayer
[2018.12.19-00.00.44:154][251]LogRenderer: Reallocating scene render targets to support 1448x744 Format 26 NumSamples 1 (Frame:1).
[2018.12.19-00.00.57:913][942]LogUnrealEdMisc: Warning: Heartbeat event firing too frequently (30.447 sec). This should never happen. Something is wrong with the timer delegate!
[2018.12.19-00.01.55:605][693]LogSlate: Prevented a slow task dialog from being summoned while a context menu was open
[2018.12.19-00.04.32:339][513]LogSlate: Took 0.025367 seconds to synchronously load lazily loaded font '../../../Engine/Content/Slate/Fonts/Roboto-BoldCondensedItalic.ttf' (160K)
[2018.12.19-00.06.09:883][413]BlueprintLog: New page: Compile BP_GameMode
[2018.12.19-00.06.11:186][455]Cmd: OBJ SAVEPACKAGE PACKAGE="/Game/Blueprints/BP_GameMode" FILE="../../../../../Unreal Projects/CabinInDaHoodz/Content/Blueprints/BP_GameMode.uasset" SILENT=true
[2018.12.19-00.06.11:227][455]LogSavePackage: Moving '../../../../../Unreal Projects/CabinInDaHoodz/Saved/BP_GameModeCC0C701D45D79FCE6F57EA93A8BC3772.tmp' to '../../../../../Unreal Projects/CabinInDaHoodz/Content/Blueprints/BP_GameMode.uasset'
[2018.12.19-00.06.23:103][960]Cmd: OBJ SAVEPACKAGE PACKAGE="/Game/Blueprints/BP_GameMode" FILE="../../../../../Unreal Projects/CabinInDaHoodz/Content/Blueprints/BP_GameMode.uasset" SILENT=true
[2018.12.19-00.06.23:136][960]LogSavePackage: Moving '../../../../../Unreal Projects/CabinInDaHoodz/Saved/BP_GameMode67A9692C4E49149598B350A47FC5224F.tmp' to '../../../../../Unreal Projects/CabinInDaHoodz/Content/Blueprints/BP_GameMode.uasset'
[2018.12.19-00.06.25:268][ 70]LogTemp: Repeating last play command: Selected Viewport
[2018.12.19-00.06.25:295][ 70]LogBlueprintUserMessages: Early PlayInEditor Detection: Level '/Game/Levels/GameLevel.GameLevel:PersistentLevel' has LevelScriptBlueprint '/Game/Levels/GameLevel.GameLevel:PersistentLevel.GameLevel' with GeneratedClass '/Game/Levels/GameLevel.GameLevel_C' with ClassGeneratedBy '/Game/Levels/GameLevel.GameLevel:PersistentLevel.GameLevel'
[2018.12.19-00.06.25:295][ 70]LogPlayLevel: PlayLevel: No blueprints needed recompiling
[2018.12.19-00.06.25:296][ 70]PIE: New page: PIE session: GameLevel (19 dec 2018 02:06:25)
[2018.12.19-00.06.25:308][ 70]LogPlayLevel: Creating play world package: /Game/Levels/UEDPIE_0_GameLevel
[2018.12.19-00.06.25:310][ 70]LogPlayLevel: PIE: StaticDuplicateObject took: (0.001657s)
[2018.12.19-00.06.25:310][ 70]LogAIModule: Creating AISystem for world GameLevel
[2018.12.19-00.06.25:311][ 70]LogPlayLevel: PIE: World Init took: (0.000879s)
[2018.12.19-00.06.25:311][ 70]LogPlayLevel: PIE: Created PIE world by copying editor world from /Game/Levels/GameLevel.GameLevel to /Game/Levels/UEDPIE_0_GameLevel.GameLevel (0.002868s)
[2018.12.19-00.06.25:377][ 70]LogInit: XAudio2 using 'Högtalare (M-Audio M-Track 2X2)' : 2 channels at 44.1 kHz using 16 bits per sample (channel mask 0x3)
[2018.12.19-00.06.25:385][ 70]LogInit: FAudioDevice initialized.
[2018.12.19-00.06.25:432][ 70]LogLoad: Game class is 'BP_GameMode_C'
[2018.12.19-00.06.25:436][ 70]LogWorld: Bringing World /Game/Levels/UEDPIE_0_GameLevel.GameLevel up for play (max tick rate 0) at 2018.12.19-01.06.25
[2018.12.19-00.06.25:436][ 70]LogWorld: Bringing up level for play took: 0.001126
[2018.12.19-00.06.25:470][ 70]LogContentBrowser: Native class hierarchy updated for 'MovieSceneCapture' in 0.0011 seconds. Added 20 classes and 0 folders.
[2018.12.19-00.06.25:480][ 70]LogBlueprintUserMessages: [BP_GameMode_C_0] VR is off
[2018.12.19-00.06.25:575][ 70]LogBlueprintUserMessages: [BP_GameMode_C_0] Player Set
[2018.12.19-00.06.25:576][ 70]PIE: Play in editor start time for /Game/Levels/UEDPIE_0_GameLevel −0,453
[2018.12.19-00.06.25:576][ 70]LogBlueprintUserMessages: Late PlayInEditor Detection: Level '/Game/Levels/GameLevel.GameLevel:PersistentLevel' has LevelScriptBlueprint '/Game/Levels/GameLevel.GameLevel:PersistentLevel.GameLevel' with GeneratedClass '/Game/Levels/GameLevel.GameLevel_C' with ClassGeneratedBy '/Game/Levels/GameLevel.GameLevel:PersistentLevel.GameLevel'
[2018.12.19-00.06.27:485][192]LogBlueprintUserMessages: Early EndPlayMap Detection: Level '/Game/Levels/GameLevel.GameLevel:PersistentLevel' has LevelScriptBlueprint '/Game/Levels/GameLevel.GameLevel:PersistentLevel.GameLevel' with GeneratedClass '/Game/Levels/GameLevel.GameLevel_C' with ClassGeneratedBy '/Game/Levels/GameLevel.GameLevel:PersistentLevel.GameLevel'
[2018.12.19-00.06.27:486][192]LogSlate: Updating window title bar state: overlay mode, drag disabled, window buttons hidden, title bar hidden
[2018.12.19-00.06.27:525][192]LogPlayLevel: Display: Shutting down PIE online subsystems
[2018.12.19-00.06.27:525][192]LogBlueprintUserMessages: Late EndPlayMap Detection: Level '/Game/Levels/GameLevel.GameLevel:PersistentLevel' has LevelScriptBlueprint '/Game/Levels/GameLevel.GameLevel:PersistentLevel.GameLevel' with GeneratedClass '/Game/Levels/GameLevel.GameLevel_C' with ClassGeneratedBy '/Game/Levels/GameLevel.GameLevel:PersistentLevel.GameLevel'
[2018.12.19-00.06.27:571][192]LogSlate: Updating window title bar state: overlay mode, drag disabled, window buttons hidden, title bar hidden
[2018.12.19-00.06.27:590][193]LogPlayLevel: Display: Destroying online subsystem :Context_3
[2018.12.19-00.07.03:828][798]LogSlate: Prevented a slow task dialog from being summoned while a context menu was open
[2018.12.19-00.07.14:564][241]BlueprintLog: New page: Compile BP_GameMode
[2018.12.19-00.07.15:557][267]Cmd: OBJ SAVEPACKAGE PACKAGE="/Game/Blueprints/BP_GameMode" FILE="../../../../../Unreal Projects/CabinInDaHoodz/Content/Blueprints/BP_GameMode.uasset" SILENT=true
[2018.12.19-00.07.15:592][267]LogSavePackage: Moving '../../../../../Unreal Projects/CabinInDaHoodz/Saved/BP_GameMode03A233B84A27BB40D63853A74D8131B0.tmp' to '../../../../../Unreal Projects/CabinInDaHoodz/Content/Blueprints/BP_GameMode.uasset'
[2018.12.19-00.07.51:318][882]Cmd: OBJ SAVEPACKAGE PACKAGE="/Game/Blueprints/BP_GameMode" FILE="../../../../../Unreal Projects/CabinInDaHoodz/Content/Blueprints/BP_GameMode.uasset" SILENT=true
[2018.12.19-00.07.51:351][882]LogSavePackage: Moving '../../../../../Unreal Projects/CabinInDaHoodz/Saved/BP_GameMode110988624751DEE6D1A78C82EDB0A2B5.tmp' to '../../../../../Unreal Projects/CabinInDaHoodz/Content/Blueprints/BP_GameMode.uasset'
[2018.12.19-00.08.17:787][ 86]LogFileHelpers: Editor autosave (incl. sublevels) for '/Game/Levels/GameLevel' took 0.033
[2018.12.19-00.08.17:789][ 86]OBJ SavePackage: Generating thumbnails for [0] asset(s) in package [/Game/Blueprints/BP_NonVRPlayer] ([1] browsable assets)...
[2018.12.19-00.08.17:789][ 86]OBJ SavePackage: Finished generating thumbnails for package [/Game/Blueprints/BP_NonVRPlayer]
[2018.12.19-00.08.17:789][ 86]Cmd: OBJ SAVEPACKAGE PACKAGE="/Game/Blueprints/BP_NonVRPlayer" FILE="../../../../../Unreal Projects/CabinInDaHoodz/Saved/Autosaves/Game/Blueprints/BP_NonVRPlayer_Auto1.uasset" SILENT=false AUTOSAVING=true
[2018.12.19-00.08.17:827][ 86]LogSavePackage: Moving '../../../../../Unreal Projects/CabinInDaHoodz/Saved/BP_NonVRPlayer_Auto14A3CF5B74CCAD6976F418C85AF1F5856.tmp' to '../../../../../Unreal Projects/CabinInDaHoodz/Saved/Autosaves/Game/Blueprints/BP_NonVRPlayer_Auto1.uasset'
[2018.12.19-00.08.17:827][ 86]LogFileHelpers: Auto-saving content packages took 0.039
[2018.12.19-00.17.35:131][462]Cmd: OBJ SAVEPACKAGE PACKAGE="/Game/Blueprints/BP_GameMode" FILE="../../../../../Unreal Projects/CabinInDaHoodz/Content/Blueprints/BP_GameMode.uasset" SILENT=true
[2018.12.19-00.17.35:197][462]LogSavePackage: Moving '../../../../../Unreal Projects/CabinInDaHoodz/Saved/BP_GameMode2F430BCE4D0E454DC196CBBD61D32186.tmp' to '../../../../../Unreal Projects/CabinInDaHoodz/Content/Blueprints/BP_GameMode.uasset'
[2018.12.19-00.18.12:266][259]Cmd: DELETE
[2018.12.19-00.18.12:267][259]Cmd: ACTOR DELETE
[2018.12.19-00.18.12:269][259]LogEditorActor: Deleted Actor: SkyLight
[2018.12.19-00.18.12:309][259]LogEditorActor: Deleted 1 Actors (0.042 secs)
[2018.12.19-00.18.13:439][344]LogSlate: FSceneViewport::OnFocusLost() reason 0
[2018.12.19-00.18.44:196][830]LogSlate: FSceneViewport::OnFocusLost() reason 0
[2018.12.19-00.18.47:452][ 49]Cmd: DELETE
[2018.12.19-00.18.47:452][ 49]Cmd: ACTOR DELETE
[2018.12.19-00.18.47:454][ 49]LogEditorActor: Deleted Actor: SkyLight
[2018.12.19-00.18.47:489][ 49]LogEditorActor: Deleted 1 Actors (0.036 secs)
[2018.12.19-00.19.01:578][143]LogSlate: FSceneViewport::OnFocusLost() reason 2
[2018.12.19-00.19.01:640][143]Cmd: OBJ SAVEPACKAGE PACKAGE="/Game/Levels/GameLevel" FILE="../../../../../Unreal Projects/CabinInDaHoodz/Content/Levels/GameLevel.umap" SILENT=true AUTOSAVING=false KEEPDIRTY=false
[2018.12.19-00.19.01:933][143]LogSavePackage: Moving '../../../../../Unreal Projects/CabinInDaHoodz/Saved/GameLevelF5A13ADD4198C9748A39E5BAD62681E2.tmp' to '../../../../../Unreal Projects/CabinInDaHoodz/Content/Levels/GameLevel.umap'
[2018.12.19-00.19.01:978][143]Cmd: OBJ SAVEPACKAGE PACKAGE="/Game/Levels/GameLevel_BuiltData" FILE="../../../../../Unreal Projects/CabinInDaHoodz/Content/Levels/GameLevel_BuiltData.uasset" SILENT=true
[2018.12.19-00.19.01:998][143]LogSavePackage: Moving '../../../../../Unreal Projects/CabinInDaHoodz/Saved/GameLevel_BuiltData85E4CBBA43B55CAEDC45A98451E5BD67.tmp' to '../../../../../Unreal Projects/CabinInDaHoodz/Content/Levels/GameLevel_BuiltData.uasset'
